<?xml version="1.0" encoding="UTF-8"?>
<!-- Generated by org.testng.reporters.JUnitReportReporter -->
<testsuite hostname="Q10025" name="com.ERP_SA_Mahi.Test_TestNG" tests="1" failures="0" timestamp="15 Jul 2016 10:53:17 GMT" time="26.882" errors="0">
  <testcase name="admin_login" time="26.882" classname="com.ERP_SA_Mahi.Test_TestNG"/>
</testsuite> <!-- com.ERP_SA_Mahi.Test_TestNG -->
