<?xml version="1.0" encoding="UTF-8"?>
<!-- Generated by org.testng.reporters.JUnitReportReporter -->
<testsuite hostname="Q10025" name="com.ERP_SA_Mahi.AppTest" tests="1" failures="0" timestamp="15 Jul 2016 10:53:18 GMT" time="0.016" errors="0">
  <testcase name="testApp" time="0.016" classname="com.ERP_SA_Mahi.AppTest"/>
</testsuite> <!-- com.ERP_SA_Mahi.AppTest -->
